#
# There is insufficient memory for the Java Runtime Environment to continue.
# Native memory allocation (malloc) failed to allocate 32744 bytes. Error detail: Chunk::new
# Possible reasons:
#   The system is out of physical RAM or swap space
#   This process is running with CompressedOops enabled, and the Java Heap may be blocking the growth of the native heap
# Possible solutions:
#   Reduce memory load on the system
#   Increase physical memory or swap space
#   Check if swap backing store is full
#   Decrease Java heap size (-Xmx/-Xms)
#   Decrease number of Java threads
#   Decrease Java thread stack sizes (-Xss)
#   Set larger code cache with -XX:ReservedCodeCacheSize=
#   JVM is running with Zero Based Compressed Oops mode in which the Java heap is
#     placed in the first 32GB address space. The Java Heap base address is the
#     maximum limit for the native heap growth. Please use -XX:HeapBaseMinAddress
#     to set the Java Heap base and to place the Java Heap above 32GB virtual address.
# This output file may be truncated or incomplete.
#
#  Out of Memory Error (arena.cpp:150), pid=171476, tid=172488
#
# JRE version: OpenJDK Runtime Environment (22.0.1+8) (build 22.0.1+8-16)
# Java VM: OpenJDK 64-Bit Server VM (22.0.1+8-16, mixed mode, sharing, tiered, compressed oops, compressed class ptrs, g1 gc, windows-amd64)
# No core dump will be written. Minidumps are not enabled by default on client versions of Windows
#

---------------  S U M M A R Y ------------

Command Line: -XX:+ShowCodeDetailsInExceptionMessages -Dspring.jmx.enabled=true -Dmanagement.endpoints.jmx.exposure.include=* -Dspring.application.admin.enabled=true -Dspring.boot.project.name=runnerz -Djava.rmi.server.hostname=localhost -Dcom.sun.management.jmxremote.port=45557 -Dcom.sun.management.jmxremote.authenticate=false -Dcom.sun.management.jmxremote.ssl=false dev.pablo.runnerz.RunnerzApplication

Host: AMD Ryzen 7 7840HS w/ Radeon 780M Graphics     , 16 cores, 15G,  Windows 10 , 64 bit Build 19041 (10.0.19041.3636)
Time: Tue Jul  2 15:04:54 2024 Hora de verano romance elapsed time: 90.392312 seconds (0d 0h 1m 30s)

---------------  T H R E A D  ---------------

Current thread (0x000002534ed2f680):  JavaThread "C2 CompilerThread0" daemon [_thread_in_native, id=172488, stack(0x000000cffcc00000,0x000000cffcd00000) (1024K)]


Current CompileTask:
C2:90392 10447       4       io.micrometer.core.instrument.observation.DefaultMeterObservationHandler::onStop (74 bytes)

Stack: [0x000000cffcc00000,0x000000cffcd00000]
Native frames: (J=compiled Java code, j=interpreted, Vv=VM code, C=native code)
V  [jvm.dll+0x6e2279]  (no source info available)
V  [jvm.dll+0x874e33]  (no source info available)
V  [jvm.dll+0x87725e]  (no source info available)
V  [jvm.dll+0x877933]  (no source info available)
V  [jvm.dll+0x27fd76]  (no source info available)
V  [jvm.dll+0xc3d0f]  (no source info available)
V  [jvm.dll+0xc3f6b]  (no source info available)
V  [jvm.dll+0xafb80]  (no source info available)
V  [jvm.dll+0x66c747]  (no source info available)
V  [jvm.dll+0x66c39e]  (no source info available)
V  [jvm.dll+0x671c2d]  (no source info available)
V  [jvm.dll+0x672ba9]  (no source info available)
V  [jvm.dll+0x670ee5]  (no source info available)
V  [jvm.dll+0x247797]  (no source info available)
V  [jvm.dll+0x246fbf]  (no source info available)
V  [jvm.dll+0x1c4e90]  (no source info available)
V  [jvm.dll+0x2569fe]  (no source info available)
V  [jvm.dll+0x254cba]  (no source info available)
V  [jvm.dll+0x3f5336]  (no source info available)
V  [jvm.dll+0x81d44b]  (no source info available)
V  [jvm.dll+0x6e0915]  (no source info available)
C  [ucrtbase.dll+0x21bb2]  (no source info available)
C  [KERNEL32.DLL+0x17344]  (no source info available)
C  [ntdll.dll+0x4cc91]  (no source info available)


---------------  P R O C E S S  ---------------

Threads class SMR info:
_java_thread_list=0x000002539651c4f0, length=37, elements={
0x000002534ed0f620, 0x000002534ed10430, 0x000002534ed17530, 0x000002534ed183e0,
0x000002534ed18f30, 0x000002534ed19a80, 0x000002534ed2f680, 0x0000025394020090,
0x000002534ece13c0, 0x0000025394251ec0, 0x000002539493fa00, 0x00000253949427f0,
0x00000253949f37c0, 0x0000025395050250, 0x0000025394b56d40, 0x0000025394b573b0,
0x00000253950fb4f0, 0x0000025395d66ff0, 0x00000253993c3730, 0x00000253993c1cf0,
0x00000253993c0fd0, 0x00000253993c2a10, 0x00000253993c2380, 0x00000253993c5170,
0x00000253993be1e0, 0x00000253993bf590, 0x00000253993c1660, 0x00000253993c4ae0,
0x00000253993c5800, 0x00000253993be870, 0x00000253993bef00, 0x00000253993bfc20,
0x00000253993c02b0, 0x000002539c866770, 0x000002539c866e00, 0x000002539c868ed0,
0x000002539c8681b0
}

Java Threads: ( => current thread )
  0x000002534ed0f620 JavaThread "Reference Handler"          daemon [_thread_blocked, id=171812, stack(0x000000cffc600000,0x000000cffc700000) (1024K)]
  0x000002534ed10430 JavaThread "Finalizer"                  daemon [_thread_blocked, id=172576, stack(0x000000cffc700000,0x000000cffc800000) (1024K)]
  0x000002534ed17530 JavaThread "Signal Dispatcher"          daemon [_thread_blocked, id=172540, stack(0x000000cffc800000,0x000000cffc900000) (1024K)]
  0x000002534ed183e0 JavaThread "Attach Listener"            daemon [_thread_blocked, id=170612, stack(0x000000cffc900000,0x000000cffca00000) (1024K)]
  0x000002534ed18f30 JavaThread "Service Thread"             daemon [_thread_blocked, id=170640, stack(0x000000cffca00000,0x000000cffcb00000) (1024K)]
  0x000002534ed19a80 JavaThread "Monitor Deflation Thread"   daemon [_thread_blocked, id=172152, stack(0x000000cffcb00000,0x000000cffcc00000) (1024K)]
=>0x000002534ed2f680 JavaThread "C2 CompilerThread0"         daemon [_thread_in_native, id=172488, stack(0x000000cffcc00000,0x000000cffcd00000) (1024K)]
  0x0000025394020090 JavaThread "C1 CompilerThread0"         daemon [_thread_blocked, id=170624, stack(0x000000cffcd00000,0x000000cffce00000) (1024K)]
  0x000002534ece13c0 JavaThread "Common-Cleaner"             daemon [_thread_blocked, id=171832, stack(0x000000cffce00000,0x000000cffcf00000) (1024K)]
  0x0000025394251ec0 JavaThread "Notification Thread"        daemon [_thread_blocked, id=171092, stack(0x000000cffd200000,0x000000cffd300000) (1024K)]
  0x000002539493fa00 JavaThread "RMI TCP Accept-0"           daemon [_thread_in_native, id=165024, stack(0x000000cffd600000,0x000000cffd700000) (1024K)]
  0x00000253949427f0 JavaThread "RMI TCP Accept-45557"       daemon [_thread_in_native, id=171964, stack(0x000000cffd700000,0x000000cffd800000) (1024K)]
  0x00000253949f37c0 JavaThread "RMI TCP Accept-0"           daemon [_thread_in_native, id=130556, stack(0x000000cffd800000,0x000000cffd900000) (1024K)]
  0x0000025395050250 JavaThread "RMI TCP Connection(idle)"   daemon [_thread_blocked, id=173612, stack(0x000000cffd900000,0x000000cffda00000) (1024K)]
  0x0000025394b56d40 JavaThread "RMI Scheduler(0)"           daemon [_thread_blocked, id=173712, stack(0x000000cffda00000,0x000000cffdb00000) (1024K)]
  0x0000025394b573b0 JavaThread "RMI TCP Connection(2)-127.0.0.1" daemon [_thread_in_native, id=173720, stack(0x000000cffdb00000,0x000000cffdc00000) (1024K)]
  0x00000253950fb4f0 JavaThread "JMX server connection timeout 36" daemon [_thread_blocked, id=173864, stack(0x000000cffdc00000,0x000000cffdd00000) (1024K)]
  0x0000025395d66ff0 JavaThread "WindowsStreamPump"          daemon [_thread_in_native, id=175096, stack(0x000000cffec00000,0x000000cffed00000) (1024K)]
  0x00000253993c3730 JavaThread "runnerz housekeeper"        daemon [_thread_blocked, id=174292, stack(0x000000cffeb00000,0x000000cffec00000) (1024K)]
  0x00000253993c1cf0 JavaThread "Catalina-utility-1"                [_thread_blocked, id=174576, stack(0x000000cfff200000,0x000000cfff300000) (1024K)]
  0x00000253993c0fd0 JavaThread "Catalina-utility-2"                [_thread_blocked, id=174664, stack(0x000000cfff300000,0x000000cfff400000) (1024K)]
  0x00000253993c2a10 JavaThread "container-0"                       [_thread_blocked, id=174620, stack(0x000000cfff400000,0x000000cfff500000) (1024K)]
  0x00000253993c2380 JavaThread "File Watcher"               daemon [_thread_blocked, id=174376, stack(0x000000cfff600000,0x000000cfff700000) (1024K)]
  0x00000253993c5170 JavaThread "Live Reload Server"         daemon [_thread_in_native, id=164752, stack(0x000000cfff800000,0x000000cfff900000) (1024K)]
  0x00000253993be1e0 JavaThread "http-nio-8080-exec-1"       daemon [_thread_blocked, id=164380, stack(0x000000cfff700000,0x000000cfff800000) (1024K)]
  0x00000253993bf590 JavaThread "http-nio-8080-exec-2"       daemon [_thread_blocked, id=164756, stack(0x000000cfff900000,0x000000cfffa00000) (1024K)]
  0x00000253993c1660 JavaThread "http-nio-8080-exec-3"       daemon [_thread_blocked, id=164264, stack(0x000000cfffa00000,0x000000cfffb00000) (1024K)]
  0x00000253993c4ae0 JavaThread "http-nio-8080-exec-4"       daemon [_thread_blocked, id=174480, stack(0x000000cfffb00000,0x000000cfffc00000) (1024K)]
  0x00000253993c5800 JavaThread "http-nio-8080-exec-5"       daemon [_thread_blocked, id=174520, stack(0x000000cfffc00000,0x000000cfffd00000) (1024K)]
  0x00000253993be870 JavaThread "http-nio-8080-exec-6"       daemon [_thread_blocked, id=174564, stack(0x000000cfffd00000,0x000000cfffe00000) (1024K)]
  0x00000253993bef00 JavaThread "http-nio-8080-exec-7"       daemon [_thread_blocked, id=173420, stack(0x000000cfffe00000,0x000000cffff00000) (1024K)]
  0x00000253993bfc20 JavaThread "http-nio-8080-exec-8"       daemon [_thread_blocked, id=174628, stack(0x000000cffff00000,0x000000d000000000) (1024K)]
  0x00000253993c02b0 JavaThread "http-nio-8080-exec-9"       daemon [_thread_blocked, id=173100, stack(0x000000cf80000000,0x000000cf80100000) (1024K)]
  0x000002539c866770 JavaThread "http-nio-8080-exec-10"      daemon [_thread_blocked, id=174932, stack(0x000000cf80100000,0x000000cf80200000) (1024K)]
  0x000002539c866e00 JavaThread "http-nio-8080-Poller"       daemon [_thread_in_native, id=174928, stack(0x000000cf80200000,0x000000cf80300000) (1024K)]
  0x000002539c868ed0 JavaThread "http-nio-8080-Acceptor"     daemon [_thread_in_native, id=175000, stack(0x000000cf80300000,0x000000cf80400000) (1024K)]
  0x000002539c8681b0 JavaThread "DestroyJavaVM"                     [_thread_blocked, id=170584, stack(0x000000cffbe00000,0x000000cffbf00000) (1024K)]
Total: 37

Other Threads:
  0x000002534ecf5e80 VMThread "VM Thread"                           [id=170324, stack(0x000000cffc500000,0x000000cffc600000) (1024K)]
  0x000002534ece05c0 WatcherThread "VM Periodic Task Thread"        [id=168800, stack(0x000000cffc400000,0x000000cffc500000) (1024K)]
  0x000002532f5f5ae0 WorkerThread "GC Thread#0"                     [id=171808, stack(0x000000cffbf00000,0x000000cffc000000) (1024K)]
  0x0000025394b86110 WorkerThread "GC Thread#1"                     [id=173984, stack(0x000000cffdd00000,0x000000cffde00000) (1024K)]
  0x0000025394b7f390 WorkerThread "GC Thread#2"                     [id=173988, stack(0x000000cffde00000,0x000000cffdf00000) (1024K)]
  0x0000025395334460 WorkerThread "GC Thread#3"                     [id=173992, stack(0x000000cffdf00000,0x000000cffe000000) (1024K)]
  0x0000025395334c20 WorkerThread "GC Thread#4"                     [id=173996, stack(0x000000cffe000000,0x000000cffe100000) (1024K)]
  0x00000253953c2410 WorkerThread "GC Thread#5"                     [id=174008, stack(0x000000cffe100000,0x000000cffe200000) (1024K)]
  0x00000253953c27c0 WorkerThread "GC Thread#6"                     [id=174016, stack(0x000000cffe200000,0x000000cffe300000) (1024K)]
  0x00000253953c2b70 WorkerThread "GC Thread#7"                     [id=174020, stack(0x000000cffe300000,0x000000cffe400000) (1024K)]
  0x00000253953c2f20 WorkerThread "GC Thread#8"                     [id=174024, stack(0x000000cffe400000,0x000000cffe500000) (1024K)]
  0x00000253953c72e0 WorkerThread "GC Thread#9"                     [id=174028, stack(0x000000cffe500000,0x000000cffe600000) (1024K)]
  0x00000253959486e0 WorkerThread "GC Thread#10"                    [id=174452, stack(0x000000cffe900000,0x000000cffea00000) (1024K)]
  0x0000025395947bd0 WorkerThread "GC Thread#11"                    [id=174456, stack(0x000000cffea00000,0x000000cffeb00000) (1024K)]
  0x00000253959495a0 WorkerThread "GC Thread#12"                    [id=175008, stack(0x000000cffed00000,0x000000cffee00000) (1024K)]
  0x000002532f607880 ConcurrentGCThread "G1 Main Marker"            [id=171840, stack(0x000000cffc000000,0x000000cffc100000) (1024K)]
  0x000002532f608b30 WorkerThread "G1 Conc#0"                       [id=168232, stack(0x000000cffc100000,0x000000cffc200000) (1024K)]
  0x0000025395948e40 WorkerThread "G1 Conc#1"                       [id=174968, stack(0x000000cffee00000,0x000000cffef00000) (1024K)]
  0x0000025395947f80 WorkerThread "G1 Conc#2"                       [id=174944, stack(0x000000cffef00000,0x000000cfff000000) (1024K)]
  0x000002534ebaa080 ConcurrentGCThread "G1 Refine#0"               [id=171372, stack(0x000000cffc200000,0x000000cffc300000) (1024K)]
  0x000002534ebaaf70 ConcurrentGCThread "G1 Service"                [id=173052, stack(0x000000cffc300000,0x000000cffc400000) (1024K)]
Total: 21

Threads with active compile tasks:
C2 CompilerThread0  90449 10447       4       io.micrometer.core.instrument.observation.DefaultMeterObservationHandler::onStop (74 bytes)
Total: 1

VM state: not at safepoint (normal execution)

VM Mutex/Monitor currently owned by a thread: None

Heap address: 0x000000070ce00000, size: 3890 MB, Compressed Oops mode: Zero based, Oop shift amount: 3

CDS archive(s) mapped at: [0x000002534f000000-0x000002534fc50000-0x000002534fc50000), size 12910592, SharedBaseAddress: 0x000002534f000000, ArchiveRelocationMode: 1.
Compressed class space mapped at: 0x0000025350000000-0x0000025390000000, reserved size: 1073741824
Narrow klass base: 0x000002534f000000, Narrow klass shift: 0, Narrow klass range: 0x41000000

GC Precious Log:
 CardTable entry size: 512
 Card Set container configuration: InlinePtr #cards 4 size 8 Array Of Cards #cards 16 size 48 Howl #buckets 8 coarsen threshold 3686 Howl Bitmap #cards 512 size 80 coarsen threshold 460 Card regions per heap region 1 cards per card region 4096
 CPUs: 16 total, 16 available
 Memory: 15558M
 Large Page Support: Disabled
 NUMA Support: Disabled
 Compressed Oops: Enabled (Zero based)
 Heap Region Size: 2M
 Heap Min Capacity: 8M
 Heap Initial Capacity: 244M
 Heap Max Capacity: 3890M
 Pre-touch: Disabled
 Parallel Workers: 13
 Concurrent Workers: 3
 Concurrent Refinement Workers: 13
 Periodic GC: Disabled

Heap:
 garbage-first heap   total reserved 3983360K, committed 75776K, used 45712K [0x000000070ce00000, 0x0000000800000000)
  region size 2048K, 11 young (22528K), 1 survivors (2048K)
 Metaspace       used 51048K, committed 51840K, reserved 1114112K
  class space    used 6322K, committed 6656K, reserved 1048576K

Heap Regions: E=young(eden), S=young(survivor), O=old, HS=humongous(starts), HC=humongous(continues), CS=collection set, F=free, TAMS=top-at-mark-start, PB=parsable bottom
|   0|0x000000070ce00000, 0x000000070d000000, 0x000000070d000000|100%| O|  |TAMS 0x000000070ce00000| PB 0x000000070ce00000| Untracked |  0
|   1|0x000000070d000000, 0x000000070d200000, 0x000000070d200000|100%| O|  |TAMS 0x000000070d000000| PB 0x000000070d000000| Untracked |  0
|   2|0x000000070d200000, 0x000000070d400000, 0x000000070d400000|100%| O|  |TAMS 0x000000070d200000| PB 0x000000070d200000| Untracked |  0
|   3|0x000000070d400000, 0x000000070d600000, 0x000000070d600000|100%| O|  |TAMS 0x000000070d400000| PB 0x000000070d400000| Untracked |  0
|   4|0x000000070d600000, 0x000000070d800000, 0x000000070d800000|100%| O|  |TAMS 0x000000070d600000| PB 0x000000070d600000| Untracked |  0
|   5|0x000000070d800000, 0x000000070da00000, 0x000000070da00000|100%| O|  |TAMS 0x000000070d800000| PB 0x000000070d800000| Untracked |  0
|   6|0x000000070da00000, 0x000000070dc00000, 0x000000070dc00000|100%| O|  |TAMS 0x000000070da00000| PB 0x000000070da00000| Untracked |  0
|   7|0x000000070dc00000, 0x000000070de00000, 0x000000070de00000|100%| O|  |TAMS 0x000000070dc00000| PB 0x000000070dc00000| Untracked |  0
|   8|0x000000070de00000, 0x000000070e000000, 0x000000070e000000|100%| O|  |TAMS 0x000000070de00000| PB 0x000000070de00000| Untracked |  0
|   9|0x000000070e000000, 0x000000070e200000, 0x000000070e200000|100%| O|  |TAMS 0x000000070e000000| PB 0x000000070e000000| Untracked |  0
|  10|0x000000070e200000, 0x000000070e400000, 0x000000070e400000|100%| O|  |TAMS 0x000000070e200000| PB 0x000000070e200000| Untracked |  0
|  11|0x000000070e400000, 0x000000070e600000, 0x000000070e600000|100%| O|  |TAMS 0x000000070e400000| PB 0x000000070e400000| Untracked |  0
|  12|0x000000070e600000, 0x000000070e6950d0, 0x000000070e800000| 29%| O|  |TAMS 0x000000070e600000| PB 0x000000070e600000| Untracked |  0
|  13|0x000000070e800000, 0x000000070e800000, 0x000000070ea00000|  0%| F|  |TAMS 0x000000070e800000| PB 0x000000070e800000| Untracked |  0
|  14|0x000000070ea00000, 0x000000070ec00000, 0x000000070ec00000|100%| O|  |TAMS 0x000000070ea00000| PB 0x000000070ea00000| Untracked |  0
|  15|0x000000070ec00000, 0x000000070ec00000, 0x000000070ee00000|  0%| F|  |TAMS 0x000000070ec00000| PB 0x000000070ec00000| Untracked |  0
|  16|0x000000070ee00000, 0x000000070ee00000, 0x000000070f000000|  0%| F|  |TAMS 0x000000070ee00000| PB 0x000000070ee00000| Untracked |  0
|  17|0x000000070f000000, 0x000000070f00f1e0, 0x000000070f200000|  2%| S|CS|TAMS 0x000000070f000000| PB 0x000000070f000000| Complete |  0
|  18|0x000000070f200000, 0x000000070f200000, 0x000000070f400000|  0%| F|  |TAMS 0x000000070f200000| PB 0x000000070f200000| Untracked |  0
|  19|0x000000070f400000, 0x000000070f400000, 0x000000070f600000|  0%| F|  |TAMS 0x000000070f400000| PB 0x000000070f400000| Untracked |  0
|  20|0x000000070f600000, 0x000000070f600000, 0x000000070f800000|  0%| F|  |TAMS 0x000000070f600000| PB 0x000000070f600000| Untracked |  0
|  21|0x000000070f800000, 0x000000070f800000, 0x000000070fa00000|  0%| F|  |TAMS 0x000000070f800000| PB 0x000000070f800000| Untracked |  0
|  22|0x000000070fa00000, 0x000000070fa00000, 0x000000070fc00000|  0%| F|  |TAMS 0x000000070fa00000| PB 0x000000070fa00000| Untracked |  0
|  23|0x000000070fc00000, 0x000000070fc00000, 0x000000070fe00000|  0%| F|  |TAMS 0x000000070fc00000| PB 0x000000070fc00000| Untracked |  0
|  24|0x000000070fe00000, 0x000000070fe00000, 0x0000000710000000|  0%| F|  |TAMS 0x000000070fe00000| PB 0x000000070fe00000| Untracked |  0
|  25|0x0000000710000000, 0x0000000710000000, 0x0000000710200000|  0%| F|  |TAMS 0x0000000710000000| PB 0x0000000710000000| Untracked |  0
|  26|0x0000000710200000, 0x0000000710200000, 0x0000000710400000|  0%| F|  |TAMS 0x0000000710200000| PB 0x0000000710200000| Untracked |  0
|  27|0x0000000710400000, 0x0000000710569558, 0x0000000710600000| 70%| E|  |TAMS 0x0000000710400000| PB 0x0000000710400000| Complete |  0
|  28|0x0000000710600000, 0x0000000710800000, 0x0000000710800000|100%| E|CS|TAMS 0x0000000710600000| PB 0x0000000710600000| Complete |  0
|  29|0x0000000710800000, 0x0000000710a00000, 0x0000000710a00000|100%| E|CS|TAMS 0x0000000710800000| PB 0x0000000710800000| Complete |  0
|  30|0x0000000710a00000, 0x0000000710c00000, 0x0000000710c00000|100%| E|CS|TAMS 0x0000000710a00000| PB 0x0000000710a00000| Complete |  0
|  31|0x0000000710c00000, 0x0000000710e00000, 0x0000000710e00000|100%| E|CS|TAMS 0x0000000710c00000| PB 0x0000000710c00000| Complete |  0
|  32|0x0000000710e00000, 0x0000000711000000, 0x0000000711000000|100%| E|CS|TAMS 0x0000000710e00000| PB 0x0000000710e00000| Complete |  0
|  33|0x0000000711000000, 0x0000000711200000, 0x0000000711200000|100%| E|CS|TAMS 0x0000000711000000| PB 0x0000000711000000| Complete |  0
|  34|0x0000000711200000, 0x0000000711400000, 0x0000000711400000|100%| E|CS|TAMS 0x0000000711200000| PB 0x0000000711200000| Complete |  0
|  35|0x0000000711400000, 0x0000000711600000, 0x0000000711600000|100%| E|CS|TAMS 0x0000000711400000| PB 0x0000000711400000| Complete |  0
| 121|0x000000071c000000, 0x000000071c200000, 0x000000071c200000|100%| E|CS|TAMS 0x000000071c000000| PB 0x000000071c000000| Complete |  0

Card table byte_map: [0x0000025347900000,0x00000253480a0000] _byte_map_base: 0x0000025344099000

Marking Bits: (CMBitMap*) 0x000002532f5f7a10
 Bits: [0x00000253480a0000, 0x000002534bd68000)

Polling page: 0x000002532d280000

Metaspace:

Usage:
  Non-class:     43.68 MB used.
      Class:      6.17 MB used.
       Both:     49.85 MB used.

Virtual space:
  Non-class space:       64.00 MB reserved,      44.12 MB ( 69%) committed,  1 nodes.
      Class space:        1.00 GB reserved,       6.50 MB ( <1%) committed,  1 nodes.
             Both:        1.06 GB reserved,      50.62 MB (  5%) committed. 

Chunk freelists:
   Non-Class:  3.64 MB
       Class:  9.50 MB
        Both:  13.14 MB

MaxMetaspaceSize: unlimited
CompressedClassSpaceSize: 1.00 GB
Initial GC threshold: 21.00 MB
Current GC threshold: 59.06 MB
CDS: on
 - commit_granule_bytes: 65536.
 - commit_granule_words: 8192.
 - virtual_space_node_default_size: 8388608.
 - enlarge_chunks_in_place: 1.
 - use_allocation_guard: 0.


Internal statistics:

num_allocs_failed_limit: 6.
num_arena_births: 1100.
num_arena_deaths: 0.
num_vsnodes_births: 2.
num_vsnodes_deaths: 0.
num_space_committed: 810.
num_space_uncommitted: 0.
num_chunks_returned_to_freelist: 6.
num_chunks_taken_from_freelist: 2936.
num_chunk_merges: 6.
num_chunk_splits: 1998.
num_chunks_enlarged: 1432.
num_inconsistent_stats: 0.

CodeHeap 'non-profiled nmethods': size=119168Kb used=10341Kb max_used=10341Kb free=108826Kb
 bounds [0x000002533f470000, 0x000002533fe90000, 0x00000253468d0000]
CodeHeap 'profiled nmethods': size=119104Kb used=20666Kb max_used=20666Kb free=98437Kb
 bounds [0x00000253378d0000, 0x0000025338d00000, 0x000002533ed20000]
CodeHeap 'non-nmethods': size=7488Kb used=1796Kb max_used=3557Kb free=5691Kb
 bounds [0x000002533ed20000, 0x000002533f0a0000, 0x000002533f470000]
 total_blobs=10646 nmethods=9991 adapters=558
 compilation: enabled
              stopped_count=0, restarted_count=0
 full_count=0

Compilation events (20 events):
Event: 89.914 Thread 0x000002534ed2f680 nmethod 10437 0x000002533fe87890 code [0x000002533fe87aa0, 0x000002533fe88280]
Event: 90.016 Thread 0x0000025394020090 10438       3       org.apache.tomcat.util.net.NioChannel::isOpen (8 bytes)
Event: 90.016 Thread 0x0000025394020090 nmethod 10438 0x0000025338cfa810 code [0x0000025338cfa9c0, 0x0000025338cfab90]
Event: 90.016 Thread 0x0000025394020090 10440       3       sun.nio.ch.SocketChannelImpl::tryClose (76 bytes)
Event: 90.016 Thread 0x0000025394020090 nmethod 10440 0x0000025338cfac90 code [0x0000025338cfae60, 0x0000025338cfb298]
Event: 90.016 Thread 0x0000025394020090 10439       1       org.apache.tomcat.util.net.SocketWrapperBase::reset (6 bytes)
Event: 90.016 Thread 0x0000025394020090 nmethod 10439 0x000002533fe88810 code [0x000002533fe889a0, 0x000002533fe88ab8]
Event: 90.019 Thread 0x0000025394020090 10441       3       java.io.FileDescriptor::<init> (17 bytes)
Event: 90.019 Thread 0x0000025394020090 nmethod 10441 0x0000025338cfb410 code [0x0000025338cfb5a0, 0x0000025338cfb718]
Event: 90.021 Thread 0x0000025394020090 10442       3       java.lang.invoke.VarHandleGuards::guard_LII_Z (86 bytes)
Event: 90.022 Thread 0x0000025394020090 nmethod 10442 0x0000025338cfb810 code [0x0000025338cfbb40, 0x0000025338cfd448]
Event: 90.022 Thread 0x0000025394020090 10443   !   3       sun.nio.ch.SocketChannelImpl::socket (54 bytes)
Event: 90.022 Thread 0x0000025394020090 nmethod 10443 0x0000025338cfdc10 code [0x0000025338cfde00, 0x0000025338cfe310]
Event: 90.034 Thread 0x000002534ed2f680 10444       4       java.util.concurrent.locks.ReentrantLock::<init> (16 bytes)
Event: 90.035 Thread 0x000002534ed2f680 nmethod 10444 0x000002533fe88b10 code [0x000002533fe88ca0, 0x000002533fe88e70]
Event: 90.357 Thread 0x000002534ed2f680 10445       4       java.lang.invoke.LambdaForm$MH/0x0000025350008000::invoke (46 bytes)
Event: 90.358 Thread 0x0000025394020090 10446       3       java.util.HashMap$HashMapSpliterator::getFence (53 bytes)
Event: 90.358 Thread 0x0000025394020090 nmethod 10446 0x0000025338cfe590 code [0x0000025338cfe720, 0x0000025338cfe8d0]
Event: 90.358 Thread 0x000002534ed2f680 nmethod 10445 0x000002533fe88f10 code [0x000002533fe890c0, 0x000002533fe89280]
Event: 90.369 Thread 0x000002534ed2f680 10447       4       io.micrometer.core.instrument.observation.DefaultMeterObservationHandler::onStop (74 bytes)

GC Heap History (20 events):
Event: 85.113 GC heap before
{Heap before GC invocations=29 (full 0):
 garbage-first heap   total reserved 3983360K, committed 75776K, used 64134K [0x000000070ce00000, 0x0000000800000000)
  region size 2048K, 19 young (38912K), 1 survivors (2048K)
 Metaspace       used 51022K, committed 51776K, reserved 1114112K
  class space    used 6322K, committed 6656K, reserved 1048576K
}
Event: 85.114 GC heap after
{Heap after GC invocations=30 (full 0):
 garbage-first heap   total reserved 3983360K, committed 75776K, used 27257K [0x000000070ce00000, 0x0000000800000000)
  region size 2048K, 1 young (2048K), 1 survivors (2048K)
 Metaspace       used 51022K, committed 51776K, reserved 1114112K
  class space    used 6322K, committed 6656K, reserved 1048576K
}
Event: 85.626 GC heap before
{Heap before GC invocations=30 (full 0):
 garbage-first heap   total reserved 3983360K, committed 75776K, used 64121K [0x000000070ce00000, 0x0000000800000000)
  region size 2048K, 19 young (38912K), 1 survivors (2048K)
 Metaspace       used 51024K, committed 51776K, reserved 1114112K
  class space    used 6322K, committed 6656K, reserved 1048576K
}
Event: 85.627 GC heap after
{Heap after GC invocations=31 (full 0):
 garbage-first heap   total reserved 3983360K, committed 75776K, used 27258K [0x000000070ce00000, 0x0000000800000000)
  region size 2048K, 1 young (2048K), 1 survivors (2048K)
 Metaspace       used 51024K, committed 51776K, reserved 1114112K
  class space    used 6322K, committed 6656K, reserved 1048576K
}
Event: 86.115 GC heap before
{Heap before GC invocations=31 (full 0):
 garbage-first heap   total reserved 3983360K, committed 75776K, used 64122K [0x000000070ce00000, 0x0000000800000000)
  region size 2048K, 19 young (38912K), 1 survivors (2048K)
 Metaspace       used 51024K, committed 51776K, reserved 1114112K
  class space    used 6322K, committed 6656K, reserved 1048576K
}
Event: 86.116 GC heap after
{Heap after GC invocations=32 (full 0):
 garbage-first heap   total reserved 3983360K, committed 75776K, used 27279K [0x000000070ce00000, 0x0000000800000000)
  region size 2048K, 1 young (2048K), 1 survivors (2048K)
 Metaspace       used 51024K, committed 51776K, reserved 1114112K
  class space    used 6322K, committed 6656K, reserved 1048576K
}
Event: 86.700 GC heap before
{Heap before GC invocations=32 (full 0):
 garbage-first heap   total reserved 3983360K, committed 75776K, used 64143K [0x000000070ce00000, 0x0000000800000000)
  region size 2048K, 19 young (38912K), 1 survivors (2048K)
 Metaspace       used 51025K, committed 51776K, reserved 1114112K
  class space    used 6322K, committed 6656K, reserved 1048576K
}
Event: 86.701 GC heap after
{Heap after GC invocations=33 (full 0):
 garbage-first heap   total reserved 3983360K, committed 75776K, used 27276K [0x000000070ce00000, 0x0000000800000000)
  region size 2048K, 1 young (2048K), 1 survivors (2048K)
 Metaspace       used 51025K, committed 51776K, reserved 1114112K
  class space    used 6322K, committed 6656K, reserved 1048576K
}
Event: 87.366 GC heap before
{Heap before GC invocations=33 (full 0):
 garbage-first heap   total reserved 3983360K, committed 75776K, used 64140K [0x000000070ce00000, 0x0000000800000000)
  region size 2048K, 19 young (38912K), 1 survivors (2048K)
 Metaspace       used 51032K, committed 51776K, reserved 1114112K
  class space    used 6322K, committed 6656K, reserved 1048576K
}
Event: 87.367 GC heap after
{Heap after GC invocations=34 (full 0):
 garbage-first heap   total reserved 3983360K, committed 75776K, used 27255K [0x000000070ce00000, 0x0000000800000000)
  region size 2048K, 1 young (2048K), 1 survivors (2048K)
 Metaspace       used 51032K, committed 51776K, reserved 1114112K
  class space    used 6322K, committed 6656K, reserved 1048576K
}
Event: 88.182 GC heap before
{Heap before GC invocations=34 (full 0):
 garbage-first heap   total reserved 3983360K, committed 75776K, used 64119K [0x000000070ce00000, 0x0000000800000000)
  region size 2048K, 19 young (38912K), 1 survivors (2048K)
 Metaspace       used 51032K, committed 51776K, reserved 1114112K
  class space    used 6322K, committed 6656K, reserved 1048576K
}
Event: 88.182 GC heap after
{Heap after GC invocations=35 (full 0):
 garbage-first heap   total reserved 3983360K, committed 75776K, used 27268K [0x000000070ce00000, 0x0000000800000000)
  region size 2048K, 1 young (2048K), 1 survivors (2048K)
 Metaspace       used 51032K, committed 51776K, reserved 1114112K
  class space    used 6322K, committed 6656K, reserved 1048576K
}
Event: 89.277 GC heap before
{Heap before GC invocations=35 (full 0):
 garbage-first heap   total reserved 3983360K, committed 75776K, used 64132K [0x000000070ce00000, 0x0000000800000000)
  region size 2048K, 19 young (38912K), 1 survivors (2048K)
 Metaspace       used 51039K, committed 51776K, reserved 1114112K
  class space    used 6322K, committed 6656K, reserved 1048576K
}
Event: 89.277 GC heap after
{Heap after GC invocations=36 (full 0):
 garbage-first heap   total reserved 3983360K, committed 75776K, used 27280K [0x000000070ce00000, 0x0000000800000000)
  region size 2048K, 1 young (2048K), 1 survivors (2048K)
 Metaspace       used 51039K, committed 51776K, reserved 1114112K
  class space    used 6322K, committed 6656K, reserved 1048576K
}
Event: 89.905 GC heap before
{Heap before GC invocations=36 (full 0):
 garbage-first heap   total reserved 3983360K, committed 75776K, used 64144K [0x000000070ce00000, 0x0000000800000000)
  region size 2048K, 19 young (38912K), 1 survivors (2048K)
 Metaspace       used 51045K, committed 51840K, reserved 1114112K
  class space    used 6322K, committed 6656K, reserved 1048576K
}
Event: 89.906 GC heap after
{Heap after GC invocations=37 (full 0):
 garbage-first heap   total reserved 3983360K, committed 75776K, used 27282K [0x000000070ce00000, 0x0000000800000000)
  region size 2048K, 1 young (2048K), 1 survivors (2048K)
 Metaspace       used 51045K, committed 51840K, reserved 1114112K
  class space    used 6322K, committed 6656K, reserved 1048576K
}
Event: 90.180 GC heap before
{Heap before GC invocations=37 (full 0):
 garbage-first heap   total reserved 3983360K, committed 75776K, used 64146K [0x000000070ce00000, 0x0000000800000000)
  region size 2048K, 19 young (38912K), 1 survivors (2048K)
 Metaspace       used 51047K, committed 51840K, reserved 1114112K
  class space    used 6322K, committed 6656K, reserved 1048576K
}
Event: 90.180 GC heap after
{Heap after GC invocations=38 (full 0):
 garbage-first heap   total reserved 3983360K, committed 75776K, used 27278K [0x000000070ce00000, 0x0000000800000000)
  region size 2048K, 1 young (2048K), 1 survivors (2048K)
 Metaspace       used 51047K, committed 51840K, reserved 1114112K
  class space    used 6322K, committed 6656K, reserved 1048576K
}
Event: 90.357 GC heap before
{Heap before GC invocations=38 (full 0):
 garbage-first heap   total reserved 3983360K, committed 75776K, used 64142K [0x000000070ce00000, 0x0000000800000000)
  region size 2048K, 19 young (38912K), 1 survivors (2048K)
 Metaspace       used 51047K, committed 51840K, reserved 1114112K
  class space    used 6322K, committed 6656K, reserved 1048576K
}
Event: 90.357 GC heap after
{Heap after GC invocations=39 (full 0):
 garbage-first heap   total reserved 3983360K, committed 75776K, used 27280K [0x000000070ce00000, 0x0000000800000000)
  region size 2048K, 1 young (2048K), 1 survivors (2048K)
 Metaspace       used 51047K, committed 51840K, reserved 1114112K
  class space    used 6322K, committed 6656K, reserved 1048576K
}

Dll operation events (11 events):
Event: 0.005 Loaded shared library E:\JDK\jdk-22.0.1\bin\java.dll
Event: 0.024 Loaded shared library E:\JDK\jdk-22.0.1\bin\jsvml.dll
Event: 0.062 Loaded shared library E:\JDK\jdk-22.0.1\bin\jimage.dll
Event: 0.065 Loaded shared library E:\JDK\jdk-22.0.1\bin\net.dll
Event: 0.066 Loaded shared library E:\JDK\jdk-22.0.1\bin\nio.dll
Event: 0.068 Loaded shared library E:\JDK\jdk-22.0.1\bin\zip.dll
Event: 0.094 Loaded shared library E:\JDK\jdk-22.0.1\bin\management.dll
Event: 0.101 Loaded shared library E:\JDK\jdk-22.0.1\bin\management_ext.dll
Event: 0.389 Loaded shared library E:\JDK\jdk-22.0.1\bin\extnet.dll
Event: 1.056 Loaded shared library E:\JDK\jdk-22.0.1\bin\le.dll
Event: 1.508 Loaded shared library E:\JDK\jdk-22.0.1\bin\sunmscapi.dll

Deoptimization events (20 events):
Event: 83.492 Thread 0x00000253993c4ae0 Uncommon trap: trap_request=0xffffffbe fr.pc=0x000002533fdf0174 relative=0x00000000000006f4
Event: 83.492 Thread 0x00000253993c4ae0 Uncommon trap: reason=profile_predicate action=maybe_recompile pc=0x000002533fdf0174 method=java.util.concurrent.ConcurrentHashMap$Traverser.advance()Ljava/util/concurrent/ConcurrentHashMap$Node; @ 15 c2
Event: 83.492 Thread 0x00000253993c4ae0 DEOPT PACKING pc=0x000002533fdf0174 sp=0x000000cfffbfdb20
Event: 83.492 Thread 0x00000253993c4ae0 DEOPT UNPACKING pc=0x000002533ed77da2 sp=0x000000cfffbfd7d8 mode 2
Event: 83.492 Thread 0x00000253993c5800 Uncommon trap: trap_request=0xffffffbe fr.pc=0x000002533fdf0174 relative=0x00000000000006f4
Event: 83.492 Thread 0x00000253993c5800 Uncommon trap: reason=profile_predicate action=maybe_recompile pc=0x000002533fdf0174 method=java.util.concurrent.ConcurrentHashMap$Traverser.advance()Ljava/util/concurrent/ConcurrentHashMap$Node; @ 15 c2
Event: 83.493 Thread 0x00000253993c5800 DEOPT PACKING pc=0x000002533fdf0174 sp=0x000000cfffcfda70
Event: 83.493 Thread 0x00000253993c5800 DEOPT UNPACKING pc=0x000002533ed77da2 sp=0x000000cfffcfd728 mode 2
Event: 83.493 Thread 0x00000253993bfc20 Uncommon trap: trap_request=0xffffffbe fr.pc=0x000002533fdf0174 relative=0x00000000000006f4
Event: 83.493 Thread 0x00000253993bfc20 Uncommon trap: reason=profile_predicate action=maybe_recompile pc=0x000002533fdf0174 method=java.util.concurrent.ConcurrentHashMap$Traverser.advance()Ljava/util/concurrent/ConcurrentHashMap$Node; @ 15 c2
Event: 83.493 Thread 0x00000253993bfc20 DEOPT PACKING pc=0x000002533fdf0174 sp=0x000000cfffffdc60
Event: 83.493 Thread 0x00000253993bfc20 DEOPT UNPACKING pc=0x000002533ed77da2 sp=0x000000cfffffd918 mode 2
Event: 83.493 Thread 0x00000253993be1e0 Uncommon trap: trap_request=0xffffffbe fr.pc=0x000002533fdf0174 relative=0x00000000000006f4
Event: 83.493 Thread 0x00000253993be1e0 Uncommon trap: reason=profile_predicate action=maybe_recompile pc=0x000002533fdf0174 method=java.util.concurrent.ConcurrentHashMap$Traverser.advance()Ljava/util/concurrent/ConcurrentHashMap$Node; @ 15 c2
Event: 83.493 Thread 0x00000253993be1e0 DEOPT PACKING pc=0x000002533fdf0174 sp=0x000000cfff7fdad0
Event: 83.493 Thread 0x00000253993be1e0 DEOPT UNPACKING pc=0x000002533ed77da2 sp=0x000000cfff7fd788 mode 2
Event: 84.457 Thread 0x00000253993bf590 Uncommon trap: trap_request=0xffffff45 fr.pc=0x000002533fdcaee4 relative=0x0000000000001504
Event: 84.458 Thread 0x00000253993bf590 Uncommon trap: reason=unstable_if action=reinterpret pc=0x000002533fdcaee4 method=java.util.concurrent.ConcurrentLinkedDeque.succ(Ljava/util/concurrent/ConcurrentLinkedDeque$Node;)Ljava/util/concurrent/ConcurrentLinkedDeque$Node; @ 7 c2
Event: 84.458 Thread 0x00000253993bf590 DEOPT PACKING pc=0x000002533fdcaee4 sp=0x000000cfff9fe910
Event: 84.458 Thread 0x00000253993bf590 DEOPT UNPACKING pc=0x000002533ed77da2 sp=0x000000cfff9fe738 mode 2

Classes loaded (20 events):
Event: 21.332 Loading class java/util/concurrent/ArrayBlockingQueue
Event: 21.333 Loading class java/util/concurrent/ArrayBlockingQueue done
Event: 21.333 Loading class java/util/concurrent/ArrayBlockingQueue$Itr
Event: 21.333 Loading class java/util/concurrent/ArrayBlockingQueue$Itr done
Event: 21.342 Loading class java/util/regex/Pattern$SliceI
Event: 21.342 Loading class java/util/regex/Pattern$SliceI done
Event: 21.345 Loading class java/time/format/DateTimeFormatterBuilder$ZoneTextPrinterParser
Event: 21.345 Loading class java/time/format/DateTimeFormatterBuilder$ZoneTextPrinterParser done
Event: 21.345 Loading class java/time/format/DateTimeFormatterBuilder$ReducedPrinterParser
Event: 21.346 Loading class java/time/format/DateTimeFormatterBuilder$ReducedPrinterParser done
Event: 21.356 Loading class sun/reflect/annotation/AnnotationInvocationHandler$1
Event: 21.356 Loading class sun/reflect/annotation/AnnotationInvocationHandler$1 done
Event: 21.371 Loading class java/util/ArrayDeque$DescendingIterator
Event: 21.371 Loading class java/util/ArrayDeque$DescendingIterator done
Event: 21.394 Loading class java/util/concurrent/locks/ReentrantReadWriteLock$Sync$HoldCounter
Event: 21.394 Loading class java/util/concurrent/locks/ReentrantReadWriteLock$Sync$HoldCounter done
Event: 36.940 Loading class sun/net/ConnectionResetException
Event: 36.940 Loading class sun/net/ConnectionResetException done
Event: 78.690 Loading class sun/util/locale/LocaleExtensions
Event: 78.691 Loading class sun/util/locale/LocaleExtensions done

Classes unloaded (0 events):
No events

Classes redefined (0 events):
No events

Internal exceptions (20 events):
Event: 3.922 Thread 0x0000025394b573b0 Exception <a 'java/lang/ClassNotFoundException'{0x0000000710e43cc0}: org/springframework/boot/actuate/endpoint/jmx/DataEndpointMBean> (0x0000000710e43cc0) 
thrown [s\open\src\hotspot\share\classfile\systemDictionary.cpp, line 313]
Event: 3.922 Thread 0x0000025394b573b0 Exception <a 'java/lang/ClassNotFoundException'{0x0000000710e44078}: org/springframework/context/support/LiveBeansView> (0x0000000710e44078) 
thrown [s\open\src\hotspot\share\classfile\systemDictionary.cpp, line 313]
Event: 3.922 Thread 0x0000025394b573b0 Exception <a 'java/lang/ClassNotFoundException'{0x0000000710e44438}: org/springframework/boot/actuate/endpoint/jmx/EndpointMBean> (0x0000000710e44438) 
thrown [s\open\src\hotspot\share\classfile\systemDictionary.cpp, line 313]
Event: 3.922 Thread 0x0000025394b573b0 Exception <a 'java/lang/ClassNotFoundException'{0x0000000710e447f8}: org/springframework/boot/actuate/endpoint/jmx/DataEndpointMBean> (0x0000000710e447f8) 
thrown [s\open\src\hotspot\share\classfile\systemDictionary.cpp, line 313]
Event: 3.922 Thread 0x0000025394b573b0 Exception <a 'java/lang/ClassNotFoundException'{0x0000000710e44bb0}: org/springframework/context/support/LiveBeansView> (0x0000000710e44bb0) 
thrown [s\open\src\hotspot\share\classfile\systemDictionary.cpp, line 313]
Event: 3.926 Thread 0x0000025394b573b0 Exception <a 'java/lang/NoSuchMethodError'{0x0000000710e782f8}: 'double java.lang.invoke.DirectMethodHandle$Holder.invokeInterface(java.lang.Object, java.lang.Object)'> (0x0000000710e782f8) 
thrown [s\open\src\hotspot\share\interpreter\linkResolver.cpp, line 774]
Event: 21.307 Thread 0x00000253993be1e0 Exception <a 'java/lang/NoSuchMethodError'{0x0000000710d57888}: 'java.lang.Object java.lang.invoke.DirectMethodHandle$Holder.invokeSpecial(java.lang.Object, java.lang.Object, java.lang.Object, java.lang.Object, java.lang.Object, long)'> (0x0000000710d57888) 
thrown [s\open\src\hotspot\share\interpreter\linkResolver.cpp, line 774]
Event: 21.307 Thread 0x00000253993be1e0 Exception <a 'java/lang/NoSuchMethodError'{0x0000000710d5b2c8}: 'java.lang.Object java.lang.invoke.Invokers$Holder.linkToTargetMethod(java.lang.Object, java.lang.Object, java.lang.Object, long, java.lang.Object)'> (0x0000000710d5b2c8) 
thrown [s\open\src\hotspot\share\interpreter\linkResolver.cpp, line 774]
Event: 21.770 Thread 0x000002539c866770 Implicit null exception at 0x000002533f9fb5b6 to 0x000002533f9fba04
Event: 21.792 Thread 0x00000253993bef00 Implicit null exception at 0x000002533f9fe4bf to 0x000002533f9fe97c
Event: 36.940 Thread 0x00000253993c4ae0 Exception <a 'sun/net/ConnectionResetException'{0x000000071c0f5310}: Connection reset> (0x000000071c0f5310) 
thrown [s\open\src\hotspot\share\prims\jni.cpp, line 539]
Event: 36.949 Thread 0x00000253993c1660 Exception <a 'sun/net/ConnectionResetException'{0x000000071c0ff2b8}: Connection reset> (0x000000071c0ff2b8) 
thrown [s\open\src\hotspot\share\prims\jni.cpp, line 539]
Event: 36.949 Thread 0x00000253993be870 Exception <a 'sun/net/ConnectionResetException'{0x000000071c1095b8}: Connection reset> (0x000000071c1095b8) 
thrown [s\open\src\hotspot\share\prims\jni.cpp, line 539]
Event: 36.950 Thread 0x000002539c866770 Exception <a 'sun/net/ConnectionResetException'{0x000000071c1132b8}: Connection reset> (0x000000071c1132b8) 
thrown [s\open\src\hotspot\share\prims\jni.cpp, line 539]
Event: 36.950 Thread 0x000002539c866770 Exception <a 'sun/net/ConnectionResetException'{0x000000071c113908}: Connection reset> (0x000000071c113908) 
thrown [s\open\src\hotspot\share\prims\jni.cpp, line 539]
Event: 36.953 Thread 0x00000253993bef00 Exception <a 'sun/net/ConnectionResetException'{0x000000071c1302c0}: Connection reset> (0x000000071c1302c0) 
thrown [s\open\src\hotspot\share\prims\jni.cpp, line 539]
Event: 83.492 Thread 0x00000253993c4ae0 Implicit null exception at 0x000002533fdefb55 to 0x000002533fdf0140
Event: 83.492 Thread 0x00000253993c5800 Implicit null exception at 0x000002533fdefb55 to 0x000002533fdf0140
Event: 83.493 Thread 0x00000253993bfc20 Implicit null exception at 0x000002533fdefb55 to 0x000002533fdf0140
Event: 83.493 Thread 0x00000253993be1e0 Implicit null exception at 0x000002533fdefb55 to 0x000002533fdf0140

ZGC Phase Switch (0 events):
No events

VM Operations (20 events):
Event: 85.626 Executing VM operation: G1CollectForAllocation (G1 Evacuation Pause)
Event: 85.627 Executing VM operation: G1CollectForAllocation (G1 Evacuation Pause) done
Event: 86.115 Executing VM operation: G1CollectForAllocation (G1 Evacuation Pause)
Event: 86.116 Executing VM operation: G1CollectForAllocation (G1 Evacuation Pause) done
Event: 86.700 Executing VM operation: G1CollectForAllocation (G1 Evacuation Pause)
Event: 86.701 Executing VM operation: G1CollectForAllocation (G1 Evacuation Pause) done
Event: 87.366 Executing VM operation: G1CollectForAllocation (G1 Evacuation Pause)
Event: 87.367 Executing VM operation: G1CollectForAllocation (G1 Evacuation Pause) done
Event: 88.182 Executing VM operation: G1CollectForAllocation (G1 Evacuation Pause)
Event: 88.182 Executing VM operation: G1CollectForAllocation (G1 Evacuation Pause) done
Event: 89.185 Executing VM operation: Cleanup
Event: 89.185 Executing VM operation: Cleanup done
Event: 89.277 Executing VM operation: G1CollectForAllocation (G1 Evacuation Pause)
Event: 89.277 Executing VM operation: G1CollectForAllocation (G1 Evacuation Pause) done
Event: 89.905 Executing VM operation: G1CollectForAllocation (G1 Evacuation Pause)
Event: 89.906 Executing VM operation: G1CollectForAllocation (G1 Evacuation Pause) done
Event: 90.180 Executing VM operation: G1CollectForAllocation (G1 Evacuation Pause)
Event: 90.180 Executing VM operation: G1CollectForAllocation (G1 Evacuation Pause) done
Event: 90.357 Executing VM operation: G1CollectForAllocation (G1 Evacuation Pause)
Event: 90.357 Executing VM operation: G1CollectForAllocation (G1 Evacuation Pause) done

Events (20 events):
Event: 77.351 Thread 0x0000025395c8ee50 Thread added: 0x0000025395c8ee50
Event: 77.961 Thread 0x0000025395c8e0b0 Thread added: 0x0000025395c8e0b0
Event: 79.373 Thread 0x0000025395d64200 Thread added: 0x0000025395d64200
Event: 80.082 Thread 0x0000025395c8ee50 Thread exited: 0x0000025395c8ee50
Event: 80.082 Thread 0x0000025395c8e0b0 Thread exited: 0x0000025395c8e0b0
Event: 81.638 Thread 0x0000025395c8f520 Thread added: 0x0000025395c8f520
Event: 81.923 Thread 0x0000025395c8c570 Thread added: 0x0000025395c8c570
Event: 82.140 Thread 0x0000025395c8f520 Thread exited: 0x0000025395c8f520
Event: 82.872 Thread 0x0000025395c8ee50 Thread added: 0x0000025395c8ee50
Event: 83.858 Thread 0x0000025395c8ee50 Thread exited: 0x0000025395c8ee50
Event: 83.862 Thread 0x0000025395c8c570 Thread exited: 0x0000025395c8c570
Event: 84.016 Thread 0x0000025395c8e0b0 Thread added: 0x0000025395c8e0b0
Event: 84.016 Thread 0x0000025395c8ee50 Thread added: 0x0000025395c8ee50
Event: 84.016 Thread 0x0000025395c8c570 Thread added: 0x0000025395c8c570
Event: 84.016 Thread 0x0000025395c8f520 Thread added: 0x0000025395c8f520
Event: 84.377 Thread 0x0000025395d64200 Thread exited: 0x0000025395d64200
Event: 85.339 Thread 0x0000025395c8f520 Thread exited: 0x0000025395c8f520
Event: 85.547 Thread 0x0000025395c8c570 Thread exited: 0x0000025395c8c570
Event: 85.547 Thread 0x0000025395c8ee50 Thread exited: 0x0000025395c8ee50
Event: 85.635 Thread 0x0000025395c8e0b0 Thread exited: 0x0000025395c8e0b0


Dynamic libraries:
0x00007ff6ff700000 - 0x00007ff6ff70e000 	E:\JDK\jdk-22.0.1\bin\java.exe
0x00007ffe68c70000 - 0x00007ffe68e68000 	C:\Windows\SYSTEM32\ntdll.dll
0x00007ffe62690000 - 0x00007ffe626a9000 	C:\Program Files\Avast Software\Avast\aswhook.dll
0x00007ffe685b0000 - 0x00007ffe6866d000 	C:\Windows\System32\KERNEL32.DLL
0x00007ffe668d0000 - 0x00007ffe66bc6000 	C:\Windows\System32\KERNELBASE.dll
0x00007ffe66330000 - 0x00007ffe66430000 	C:\Windows\System32\ucrtbase.dll
0x00007ffe46ea0000 - 0x00007ffe46eb7000 	E:\JDK\jdk-22.0.1\bin\jli.dll
0x00007ffe48390000 - 0x00007ffe483ab000 	E:\JDK\jdk-22.0.1\bin\VCRUNTIME140.dll
0x00007ffe68a90000 - 0x00007ffe68c2f000 	C:\Windows\System32\USER32.dll
0x00007ffe66430000 - 0x00007ffe66452000 	C:\Windows\System32\win32u.dll
0x00007ffe676a0000 - 0x00007ffe676cb000 	C:\Windows\System32\GDI32.dll
0x00007ffe57d40000 - 0x00007ffe57fda000 	C:\Windows\WinSxS\amd64_microsoft.windows.common-controls_6595b64144ccf1df_6.0.19041.4355_none_60b8b9eb71f62e16\COMCTL32.dll
0x00007ffe66650000 - 0x00007ffe66767000 	C:\Windows\System32\gdi32full.dll
0x00007ffe676d0000 - 0x00007ffe6776e000 	C:\Windows\System32\msvcrt.dll
0x00007ffe665b0000 - 0x00007ffe6664d000 	C:\Windows\System32\msvcp_win.dll
0x00007ffe68800000 - 0x00007ffe6882f000 	C:\Windows\System32\IMM32.DLL
0x00007ffe61910000 - 0x00007ffe6191c000 	E:\JDK\jdk-22.0.1\bin\vcruntime140_1.dll
0x00007ffdfc200000 - 0x00007ffdfc28e000 	E:\JDK\jdk-22.0.1\bin\msvcp140.dll
0x00007ffdf2670000 - 0x00007ffdf33b7000 	E:\JDK\jdk-22.0.1\bin\server\jvm.dll
0x00007ffe675f0000 - 0x00007ffe676a0000 	C:\Windows\System32\ADVAPI32.dll
0x00007ffe66d10000 - 0x00007ffe66db0000 	C:\Windows\System32\sechost.dll
0x00007ffe66f50000 - 0x00007ffe67073000 	C:\Windows\System32\RPCRT4.dll
0x00007ffe66460000 - 0x00007ffe66487000 	C:\Windows\System32\bcrypt.dll
0x00007ffe67080000 - 0x00007ffe670eb000 	C:\Windows\System32\WS2_32.dll
0x00007ffe658b0000 - 0x00007ffe658fb000 	C:\Windows\SYSTEM32\POWRPROF.dll
0x00007ffe5e910000 - 0x00007ffe5e91a000 	C:\Windows\SYSTEM32\VERSION.dll
0x00007ffe5b380000 - 0x00007ffe5b3a7000 	C:\Windows\SYSTEM32\WINMM.dll
0x00007ffe65720000 - 0x00007ffe65732000 	C:\Windows\SYSTEM32\UMPDC.dll
0x00007ffe64190000 - 0x00007ffe641a2000 	C:\Windows\SYSTEM32\kernel.appcore.dll
0x00007ffe50e70000 - 0x00007ffe50e7a000 	E:\JDK\jdk-22.0.1\bin\jimage.dll
0x00007ffe59810000 - 0x00007ffe599f4000 	C:\Windows\SYSTEM32\DBGHELP.DLL
0x00007ffe5dc20000 - 0x00007ffe5dc54000 	C:\Windows\SYSTEM32\dbgcore.DLL
0x00007ffe66bd0000 - 0x00007ffe66c52000 	C:\Windows\System32\bcryptPrimitives.dll
0x00007ffe20a80000 - 0x00007ffe20a9e000 	E:\JDK\jdk-22.0.1\bin\java.dll
0x00007ffe67e40000 - 0x00007ffe685ac000 	C:\Windows\System32\SHELL32.dll
0x00007ffe68830000 - 0x00007ffe6895b000 	C:\Windows\System32\ole32.dll
0x00007ffe67920000 - 0x00007ffe67c73000 	C:\Windows\System32\combase.dll
0x00007ffe643b0000 - 0x00007ffe64b4d000 	C:\Windows\SYSTEM32\windows.storage.dll
0x00007ffe65d50000 - 0x00007ffe65d7e000 	C:\Windows\SYSTEM32\Wldp.dll
0x00007ffe68960000 - 0x00007ffe68a2d000 	C:\Windows\System32\OLEAUT32.dll
0x00007ffe68750000 - 0x00007ffe687fd000 	C:\Windows\System32\SHCORE.dll
0x00007ffe66cb0000 - 0x00007ffe66d05000 	C:\Windows\System32\shlwapi.dll
0x00007ffe66260000 - 0x00007ffe66284000 	C:\Windows\SYSTEM32\profapi.dll
0x00007ffdf7350000 - 0x00007ffdf7427000 	E:\JDK\jdk-22.0.1\bin\jsvml.dll
0x00007ffe46e70000 - 0x00007ffe46e80000 	E:\JDK\jdk-22.0.1\bin\net.dll
0x00007ffe65ab0000 - 0x00007ffe65b1a000 	C:\Windows\system32\mswsock.dll
0x00007ffe14350000 - 0x00007ffe14366000 	E:\JDK\jdk-22.0.1\bin\nio.dll
0x00007ffe15c50000 - 0x00007ffe15c67000 	E:\JDK\jdk-22.0.1\bin\zip.dll
0x00007ffe622e0000 - 0x00007ffe622ea000 	E:\JDK\jdk-22.0.1\bin\management.dll
0x00007ffe61b80000 - 0x00007ffe61b8b000 	E:\JDK\jdk-22.0.1\bin\management_ext.dll
0x00007ffe68740000 - 0x00007ffe68748000 	C:\Windows\System32\PSAPI.DLL
0x00007ffe584c0000 - 0x00007ffe584d7000 	C:\Windows\system32\napinsp.dll
0x00007ffe497b0000 - 0x00007ffe497cb000 	C:\Windows\system32\pnrpnsp.dll
0x00007ffe62c30000 - 0x00007ffe62c45000 	C:\Windows\system32\wshbth.dll
0x00007ffe62a80000 - 0x00007ffe62a9d000 	C:\Windows\system32\NLAapi.dll
0x00007ffe65740000 - 0x00007ffe6577b000 	C:\Windows\SYSTEM32\IPHLPAPI.DLL
0x00007ffe65780000 - 0x00007ffe6584a000 	C:\Windows\SYSTEM32\DNSAPI.dll
0x00007ffe67e30000 - 0x00007ffe67e38000 	C:\Windows\System32\NSI.dll
0x00007ffe480c0000 - 0x00007ffe480d2000 	C:\Windows\System32\winrnr.dll
0x00007ffe618c0000 - 0x00007ffe618ca000 	C:\Windows\System32\rasadhlp.dll
0x00007ffe60f20000 - 0x00007ffe60fa0000 	C:\Windows\System32\fwpuclnt.dll
0x00007ffe65ca0000 - 0x00007ffe65cb8000 	C:\Windows\SYSTEM32\CRYPTSP.dll
0x00007ffe65360000 - 0x00007ffe65394000 	C:\Windows\system32\rsaenh.dll
0x00007ffe661d0000 - 0x00007ffe661fe000 	C:\Windows\SYSTEM32\USERENV.dll
0x00007ffe65cc0000 - 0x00007ffe65ccc000 	C:\Windows\SYSTEM32\CRYPTBASE.dll
0x00007ffe61520000 - 0x00007ffe61529000 	E:\JDK\jdk-22.0.1\bin\extnet.dll
0x00007ffe56320000 - 0x00007ffe5632b000 	E:\JDK\jdk-22.0.1\bin\le.dll
0x00007ffe61410000 - 0x00007ffe6141e000 	E:\JDK\jdk-22.0.1\bin\sunmscapi.dll
0x00007ffe66770000 - 0x00007ffe668ce000 	C:\Windows\System32\CRYPT32.dll
0x00007ffe65dc0000 - 0x00007ffe65de9000 	C:\Windows\SYSTEM32\ncrypt.dll
0x00007ffe65d80000 - 0x00007ffe65dbb000 	C:\Windows\SYSTEM32\NTASN1.dll
0x00007ffe496d0000 - 0x00007ffe496d7000 	C:\Windows\system32\wshunix.dll

dbghelp: loaded successfully - version: 4.0.5 - missing functions: none
symbol engine: initialized successfully - sym options: 0x614 - pdb path: .;E:\JDK\jdk-22.0.1\bin;C:\Windows\SYSTEM32;C:\Program Files\Avast Software\Avast;C:\Windows\WinSxS\amd64_microsoft.windows.common-controls_6595b64144ccf1df_6.0.19041.4355_none_60b8b9eb71f62e16;E:\JDK\jdk-22.0.1\bin\server

VM Arguments:
jvm_args: -XX:+ShowCodeDetailsInExceptionMessages -Dspring.jmx.enabled=true -Dmanagement.endpoints.jmx.exposure.include=* -Dspring.application.admin.enabled=true -Dspring.boot.project.name=runnerz -Djava.rmi.server.hostname=localhost -Dcom.sun.management.jmxremote.port=45557 -Dcom.sun.management.jmxremote.authenticate=false -Dcom.sun.management.jmxremote.ssl=false 
java_command: dev.pablo.runnerz.RunnerzApplication
java_class_path (initial): E:\Repositories\runnerz\target\classes;C:\Users\Hothadan\.m2\repository\org\springframework\boot\spring-boot-starter-actuator\3.2.5\spring-boot-starter-actuator-3.2.5.jar;C:\Users\Hothadan\.m2\repository\org\springframework\boot\spring-boot-starter\3.2.5\spring-boot-starter-3.2.5.jar;C:\Users\Hothadan\.m2\repository\org\springframework\boot\spring-boot-starter-logging\3.2.5\spring-boot-starter-logging-3.2.5.jar;C:\Users\Hothadan\.m2\repository\ch\qos\logback\logback-classic\1.4.14\logback-classic-1.4.14.jar;C:\Users\Hothadan\.m2\repository\ch\qos\logback\logback-core\1.4.14\logback-core-1.4.14.jar;C:\Users\Hothadan\.m2\repository\org\apache\logging\log4j\log4j-to-slf4j\2.21.1\log4j-to-slf4j-2.21.1.jar;C:\Users\Hothadan\.m2\repository\org\apache\logging\log4j\log4j-api\2.21.1\log4j-api-2.21.1.jar;C:\Users\Hothadan\.m2\repository\org\slf4j\jul-to-slf4j\2.0.13\jul-to-slf4j-2.0.13.jar;C:\Users\Hothadan\.m2\repository\jakarta\annotation\jakarta.annotation-api\2.1.1\jakarta.annotation-api-2.1.1.jar;C:\Users\Hothadan\.m2\repository\org\yaml\snakeyaml\2.2\snakeyaml-2.2.jar;C:\Users\Hothadan\.m2\repository\org\springframework\boot\spring-boot-actuator-autoconfigure\3.2.5\spring-boot-actuator-autoconfigure-3.2.5.jar;C:\Users\Hothadan\.m2\repository\org\springframework\boot\spring-boot-actuator\3.2.5\spring-boot-actuator-3.2.5.jar;C:\Users\Hothadan\.m2\repository\com\fasterxml\jackson\core\jackson-databind\2.15.4\jackson-databind-2.15.4.jar;C:\Users\Hothadan\.m2\repository\com\fasterxml\jackson\core\jackson-annotations\2.15.4\jackson-annotations-2.15.4.jar;C:\Users\Hothadan\.m2\repository\com\fasterxml\jackson\core\jackson-core\2.15.4\jackson-core-2.15.4.jar;C:\Users\Hothadan\.m2\repository\com\fasterxml\jackson\datatype\jackson-datatype-jsr310\2.15.4\jackson-datatype-jsr310-2.15.4.jar;C:\Users\Hothadan\.m2\repository\io\micrometer\micrometer-observation\1.12.5\micrometer-observation-1.12.5.jar;C:\Users\Hothadan\.m2\repository\io\micrometer\micrometer-commons\1.12.5\micrometer-commons-1.12.5.jar;C:\Users\Hothadan\.m2\repository\io\micrometer\micrometer-jakarta9\1.12.5\micrometer-jakarta9-1.12.5.jar;C:\Users\Hothadan\.m2\repository\io\micrometer\micrometer-core\1.12.5\micrometer-core-1.12.5.jar;C:\Users\Hothadan\.m2\repository\org\hdrhistogram\HdrHistogram\2.1.12\HdrHistogram-2.1.12.jar;C:\Users\Hothadan\.m2\repository\org\latencyutils\LatencyUtils\2.0.3\LatencyUtils-2.0.3.jar;C:\Users\Hothadan\.m2\repository\org\springframework\boot\spring-boot-starter-web\3.2.5\spring-boot-starter-web-3.2.5.jar;C:\Users\Hothadan\.m2\repository\org\springframework\boot\spring-boot-starter-json\3.2.5\spring-boot-starter-json-3.2.5.jar;C:\Users\Hothadan\.m2\repository\com\fasterxml\jackson\datatype\jackson-datatype-jdk8\2.15.4\jackson-datatype-jdk8-2.15.4.jar;C:\Users\Hothadan\.m2\repository\com\fasterxml\jackson\module\jackson-module-parameter-names\2.15.4\jackson-module-parameter-names-2.15.4.jar;C:\Users\Hothadan\.m2\repository\org\springframework\boot\spring-boot-starter-tomcat\3.2.5\spring-boot-starter-tomcat-3.2.5.jar;C:\Users\Hothadan\.m2\repository\org\apache\tomcat\embed\tomcat-embed-core\10.1.20\tomcat-embed-core-10.1.20.jar;C:\Users\Hothadan\.m2\repository\org\apache\tomcat\embed\tomcat-embed-websocket\10.1.20\tomcat-embed-websocket-10.1.20.jar;C:\Users\Hothadan\.m2\repository\org\springframework\spring-web\6.1.6\spring-web-6.1.6.jar;C:\Users\Hothadan\.m2\repository\org\springframework\spring-beans\6.1.6\spring-beans-6.1.6.jar;C:\Users\Hothadan\.m2\repository\org\springframework\spring-webmvc\6.1.6\spring-webmvc-6.1.6.jar;C:\Users\Hothadan\.m2\repository\org\springframework\spring-aop\6.1.6\spring-aop-6.1.6.jar;C:\Users\Hothadan\.m2\repository\org\springframework\spring-context\6.1.6\spring-context-6.1.6.jar;C:\Users\Hothadan\.m2\repository\org\springframework\spring-expression\6.1.6\spring-expression-6.1.6.jar;C:\Users\Hothadan\.m2\repository\org\springframework\boot\spring-boot-starter-validation\3.2.5\spring-boot-starter-validation-3.2.5.jar;C:\Users\Hothadan\.m2\repository\org\apache\tomcat\embed\tomcat-embed-el\10.1.20\tomcat-embed-el-10.1.20.jar;C:\Users\Hothadan\.m2\repository\org\hibernate\validator\hibernate-validator\8.0.1.Final\hibernate-validator-8.0.1.Final.jar;C:\Users\Hothadan\.m2\repository\jakarta\validation\jakarta.validation-api\3.0.2\jakarta.validation-api-3.0.2.jar;C:\Users\Hothadan\.m2\repository\org\jboss\logging\jboss-logging\3.5.3.Final\jboss-logging-3.5.3.Final.jar;C:\Users\Hothadan\.m2\repository\com\fasterxml\classmate\1.6.0\classmate-1.6.0.jar;C:\Users\Hothadan\.m2\repository\org\springframework\boot\spring-boot-starter-jdbc\3.2.5\spring-boot-starter-jdbc-3.2.5.jar;C:\Users\Hothadan\.m2\repository\com\zaxxer\HikariCP\5.0.1\HikariCP-5.0.1.jar;C:\Users\Hothadan\.m2\repository\org\slf4j\slf4j-api\2.0.13\slf4j-api-2.0.13.jar;C:\Users\Hothadan\.m2\repository\org\springframework\spring-jdbc\6.1.6\spring-jdbc-6.1.6.jar;C:\Users\Hothadan\.m2\repository\org\springframework\spring-tx\6.1.6\spring-tx-6.1.6.jar;C:\Users\Hothadan\.m2\repository\com\h2database\h2\2.2.224\h2-2.2.224.jar;C:\Users\Hothadan\.m2\repository\org\springframework\boot\spring-boot-devtools\3.2.5\spring-boot-devtools-3.2.5.jar;C:\Users\Hothadan\.m2\repository\org\springframework\boot\spring-boot\3.2.5\spring-boot-3.2.5.jar;C:\Users\Hothadan\.m2\repository\org\springframework\boot\spring-boot-autoconfigure\3.2.5\spring-boot-autoconfigure-3.2.5.jar;C:\Users\Hothadan\.m2\repository\org\springframework\spring-core\6.1.6\spring-core-6.1.6.jar;C:\Users\Hothadan\.m2\repository\org\springframework\spring-jcl\6.1.6\spring-jcl-6.1.6.jar;C:\Users\Hothadan\.m2\repository\org\json\json\20240303\json-20240303.jar
Launcher Type: SUN_STANDARD

[Global flags]
     intx CICompilerCount                          = 12                                        {product} {ergonomic}
     uint ConcGCThreads                            = 3                                         {product} {ergonomic}
     uint G1ConcRefinementThreads                  = 13                                        {product} {ergonomic}
   size_t G1HeapRegionSize                         = 2097152                                   {product} {ergonomic}
   size_t InitialHeapSize                          = 255852544                                 {product} {ergonomic}
     bool ManagementServer                         = true                                      {product} {command line}
   size_t MarkStackSize                            = 4194304                                   {product} {ergonomic}
   size_t MaxHeapSize                              = 4078960640                                {product} {ergonomic}
   size_t MaxNewSize                               = 2447376384                                {product} {ergonomic}
   size_t MinHeapDeltaBytes                        = 2097152                                   {product} {ergonomic}
   size_t MinHeapSize                              = 8388608                                   {product} {ergonomic}
    uintx NonNMethodCodeHeapSize                   = 7602480                                {pd product} {ergonomic}
    uintx NonProfiledCodeHeapSize                  = 122027880                              {pd product} {ergonomic}
     bool PerfDisableSharedMem                     = true                                      {product} {ergonomic}
    uintx ProfiledCodeHeapSize                     = 122027880                              {pd product} {ergonomic}
    uintx ReservedCodeCacheSize                    = 251658240                              {pd product} {ergonomic}
     bool SegmentedCodeCache                       = true                                      {product} {ergonomic}
     bool ShowCodeDetailsInExceptionMessages       = true                                   {manageable} {command line}
   size_t SoftMaxHeapSize                          = 4078960640                             {manageable} {ergonomic}
     bool UseCompressedOops                        = true                           {product lp64_product} {ergonomic}
     bool UseG1GC                                  = true                                      {product} {ergonomic}
     bool UseLargePagesIndividualAllocation        = false                                  {pd product} {ergonomic}

Logging:
Log output configuration:
 #0: stdout all=warning uptime,level,tags foldmultilines=false
 #1: stderr all=off uptime,level,tags foldmultilines=false

Environment Variables:
PATH=C:\Program Files (x86)\Common Files\Oracle\Java\java8path;C:\Program Files (x86)\Common Files\Oracle\Java\javapath;C:\Windows\system32;C:\Windows;C:\Windows\System32\Wbem;C:\Windows\System32\WindowsPowerShell\v1.0\;C:\Windows\System32\OpenSSH\;C:\Program Files\NVIDIA Corporation\NVIDIA NvDLISR;C:\Program Files (x86)\NVIDIA Corporation\PhysX\Common;E:\Git\cmd;C:\Program Files\dotnet\;C:\Users\Hothadan\AppData\Local\Microsoft\WindowsApps;E:\Microsoft VS Code\bin;C:\Users\Hothadan\AppData\Local\GitHubDesktop\bin;C:\Users\Hothadan\.dotnet\tools
USERNAME=Hothadan
LANG=en_US.UTF-8
OS=Windows_NT
PROCESSOR_IDENTIFIER=AMD64 Family 25 Model 116 Stepping 1, AuthenticAMD
TMP=C:\Users\Hothadan\AppData\Local\Temp
TEMP=C:\Users\Hothadan\AppData\Local\Temp




Periodic native trim disabled

---------------  S Y S T E M  ---------------

OS:
 Windows 10 , 64 bit Build 19041 (10.0.19041.3636)
OS uptime: 5 days 3:14 hours

CPU: total 16 (initial active 16) (16 cores per cpu, 2 threads per core) family 25 model 116 stepping 1 microcode 0x0, cx8, cmov, fxsr, ht, mmx, 3dnowpref, sse, sse2, sse3, ssse3, sse4a, sse4.1, sse4.2, popcnt, lzcnt, tsc, tscinvbit, avx, avx2, aes, erms, clmul, bmi1, bmi2, adx, avx512f, avx512dq, avx512cd, avx512bw, avx512vl, sha, fma, vzeroupper, avx512_vpopcntdq, avx512_vpclmulqdq, avx512_vaes, avx512_vnni, clflush, clflushopt, avx512_vbmi2, avx512_vbmi, rdtscp, rdpid, gfni, avx512_bitalg, f16c, pku, cet_ss, avx512_ifma
Processor Information for all 16 processors :
  Max Mhz: 3801, Current Mhz: 3801, Mhz Limit: 3801

Memory: 4k page, system-wide physical 15558M (1897M free)
TotalPageFile size 40494M (AvailPageFile size 5M)
current process WorkingSet (physical memory assigned to process): 241M, peak: 325M
current process commit charge ("private bytes"): 291M, peak: 433M

vm_info: OpenJDK 64-Bit Server VM (22.0.1+8-16) for windows-amd64 JRE (22.0.1+8-16), built on 2024-03-12T10:33:16Z by "mach5one" with MS VC++ 17.6 (VS2022)

END.
